# JRE version: Java(TM) SE Runtime Environment (8.0_211-b12) (build 1.8.0_211-b12)
# Java VM: Java HotSpot(TM) 64-Bit Server VM (25.211-b12 mixed mode windows-amd64 compressed oops)
Heap:
 PSYoungGen      total 451072K, used 310879K [0x00000000d5f00000, 0x00000000f2280000, 0x0000000100000000)
  eden space 439808K, 70% used [0x00000000d5f00000,0x00000000e8e97ea8,0x00000000f0c80000)
  from space 11264K, 0% used [0x00000000f1780000,0x00000000f1780000,0x00000000f2280000)
  to   space 11264K, 0% used [0x00000000f0c80000,0x00000000f0c80000,0x00000000f1780000)
 ParOldGen       total 126464K, used 34805K [0x0000000081c00000, 0x0000000089780000, 0x00000000d5f00000)
  object space 126464K, 27% used [0x0000000081c00000,0x0000000083dfd6a0,0x0000000089780000)
 Metaspace       used 98636K, capacity 105790K, committed 105984K, reserved 1142784K
  class space    used 11481K, capacity 12779K, committed 12800K, reserved 1048576K
GC Heap History (10 events):
Event: 28751.353 GC heap before
{Heap before GC invocations=74 (full 32):
 PSYoungGen      total 451584K, used 9706K [0x00000000d5f00000, 0x00000000f2380000, 0x0000000100000000)
  eden space 439808K, 0% used [0x00000000d5f00000,0x00000000d5f00000,0x00000000f0c80000)
  from space 11776K, 82% used [0x00000000f1800000,0x00000000f217a818,0x00000000f2380000)
  to   space 11776K, 0% used [0x00000000f0c80000,0x00000000f0c80000,0x00000000f1800000)
 ParOldGen       total 126464K, used 33423K [0x0000000081c00000, 0x0000000089780000, 0x00000000d5f00000)
  object space 126464K, 26% used [0x0000000081c00000,0x0000000083ca3df0,0x0000000089780000)
 Metaspace       used 94722K, capacity 101458K, committed 101888K, reserved 1138688K
  class space    used 11241K, capacity 12497K, committed 12544K, reserved 1048576K
Event: 28751.559 GC heap after
Heap after GC invocations=74 (full 32):
 PSYoungGen      total 451584K, used 0K [0x00000000d5f00000, 0x00000000f2380000, 0x0000000100000000)
  eden space 439808K, 0% used [0x00000000d5f00000,0x00000000d5f00000,0x00000000f0c80000)
  from space 11776K, 0% used [0x00000000f1800000,0x00000000f1800000,0x00000000f2380000)
  to   space 11776K, 0% used [0x00000000f0c80000,0x00000000f0c80000,0x00000000f1800000)
 ParOldGen       total 126464K, used 33524K [0x0000000081c00000, 0x0000000089780000, 0x00000000d5f00000)
  object space 126464K, 26% used [0x0000000081c00000,0x0000000083cbd0a8,0x0000000089780000)
 Metaspace       used 94700K, capacity 101422K, committed 101888K, reserved 1138688K
  class space    used 11238K, capacity 12490K, committed 12544K, reserved 1048576K
}
Event: 28787.459 GC heap before
{Heap before GC invocations=75 (full 32):
 PSYoungGen      total 451584K, used 322208K [0x00000000d5f00000, 0x00000000f2380000, 0x0000000100000000)
  eden space 439808K, 73% used [0x00000000d5f00000,0x00000000e99a8100,0x00000000f0c80000)
  from space 11776K, 0% used [0x00000000f1800000,0x00000000f1800000,0x00000000f2380000)
  to   space 11776K, 0% used [0x00000000f0c80000,0x00000000f0c80000,0x00000000f1800000)
 ParOldGen       total 126464K, used 33524K [0x0000000081c00000, 0x0000000089780000, 0x00000000d5f00000)
  object space 126464K, 26% used [0x0000000081c00000,0x0000000083cbd0a8,0x0000000089780000)
 Metaspace       used 95662K, capacity 102478K, committed 102784K, reserved 1138688K
  class space    used 11311K, capacity 12567K, committed 12672K, reserved 1048576K
Event: 28787.482 GC heap after
Heap after GC invocations=75 (full 32):
 PSYoungGen      total 449536K, used 9605K [0x00000000d5f00000, 0x00000000f2280000, 0x0000000100000000)
  eden space 439808K, 0% used [0x00000000d5f00000,0x00000000d5f00000,0x00000000f0c80000)
  from space 9728K, 98% used [0x00000000f0c80000,0x00000000f15e14c0,0x00000000f1600000)
  to   space 11264K, 0% used [0x00000000f1780000,0x00000000f1780000,0x00000000f2280000)
 ParOldGen       total 126464K, used 33532K [0x0000000081c00000, 0x0000000089780000, 0x00000000d5f00000)
  object space 126464K, 26% used [0x0000000081c00000,0x0000000083cbf0a8,0x0000000089780000)
 Metaspace       used 95662K, capacity 102478K, committed 102784K, reserved 1138688K
  class space    used 11311K, capacity 12567K, committed 12672K, reserved 1048576K
}
Event: 28787.482 GC heap before
{Heap before GC invocations=76 (full 33):
 PSYoungGen      total 449536K, used 9605K [0x00000000d5f00000, 0x00000000f2280000, 0x0000000100000000)
  eden space 439808K, 0% used [0x00000000d5f00000,0x00000000d5f00000,0x00000000f0c80000)
  from space 9728K, 98% used [0x00000000f0c80000,0x00000000f15e14c0,0x00000000f1600000)
  to   space 11264K, 0% used [0x00000000f1780000,0x00000000f1780000,0x00000000f2280000)
 ParOldGen       total 126464K, used 33532K [0x0000000081c00000, 0x0000000089780000, 0x00000000d5f00000)
  object space 126464K, 26% used [0x0000000081c00000,0x0000000083cbf0a8,0x0000000089780000)
 Metaspace       used 95662K, capacity 102478K, committed 102784K, reserved 1138688K
  class space    used 11311K, capacity 12567K, committed 12672K, reserved 1048576K
Event: 28787.646 GC heap after
Heap after GC invocations=76 (full 33):
 PSYoungGen      total 449536K, used 0K [0x00000000d5f00000, 0x00000000f2280000, 0x0000000100000000)
  eden space 439808K, 0% used [0x00000000d5f00000,0x00000000d5f00000,0x00000000f0c80000)
  from space 9728K, 0% used [0x00000000f0c80000,0x00000000f0c80000,0x00000000f1600000)
  to   space 11264K, 0% used [0x00000000f1780000,0x00000000f1780000,0x00000000f2280000)
 ParOldGen       total 126464K, used 34073K [0x0000000081c00000, 0x0000000089780000, 0x00000000d5f00000)
  object space 126464K, 26% used [0x0000000081c00000,0x0000000083d46758,0x0000000089780000)
 Metaspace       used 95660K, capacity 102472K, committed 102784K, reserved 1138688K
  class space    used 11310K, capacity 12565K, committed 12672K, reserved 1048576K
}
Event: 28812.704 GC heap before
{Heap before GC invocations=77 (full 33):
 PSYoungGen      total 449536K, used 319127K [0x00000000d5f00000, 0x00000000f2280000, 0x0000000100000000)
  eden space 439808K, 72% used [0x00000000d5f00000,0x00000000e96a5f18,0x00000000f0c80000)
  from space 9728K, 0% used [0x00000000f0c80000,0x00000000f0c80000,0x00000000f1600000)
  to   space 11264K, 0% used [0x00000000f1780000,0x00000000f1780000,0x00000000f2280000)
 ParOldGen       total 126464K, used 34073K [0x0000000081c00000, 0x0000000089780000, 0x00000000d5f00000)
  object space 126464K, 26% used [0x0000000081c00000,0x0000000083d46758,0x0000000089780000)
 Metaspace       used 97201K, capacity 104454K, committed 104960K, reserved 1140736K
  class space    used 11398K, capacity 12673K, committed 12800K, reserved 1048576K
Event: 28812.721 GC heap after
Heap after GC invocations=77 (full 33):
 PSYoungGen      total 451072K, used 9829K [0x00000000d5f00000, 0x00000000f2280000, 0x0000000100000000)
  eden space 439808K, 0% used [0x00000000d5f00000,0x00000000d5f00000,0x00000000f0c80000)
  from space 11264K, 87% used [0x00000000f1780000,0x00000000f21194e0,0x00000000f2280000)
  to   space 11264K, 0% used [0x00000000f0c80000,0x00000000f0c80000,0x00000000f1780000)
 ParOldGen       total 126464K, used 34081K [0x0000000081c00000, 0x0000000089780000, 0x00000000d5f00000)
  object space 126464K, 26% used [0x0000000081c00000,0x0000000083d48758,0x0000000089780000)
 Metaspace       used 97201K, capacity 104454K, committed 104960K, reserved 1140736K
  class space    used 11398K, capacity 12673K, committed 12800K, reserved 1048576K
}
Event: 28812.721 GC heap before
{Heap before GC invocations=78 (full 34):
 PSYoungGen      total 451072K, used 9829K [0x00000000d5f00000, 0x00000000f2280000, 0x0000000100000000)
  eden space 439808K, 0% used [0x00000000d5f00000,0x00000000d5f00000,0x00000000f0c80000)
  from space 11264K, 87% used [0x00000000f1780000,0x00000000f21194e0,0x00000000f2280000)
  to   space 11264K, 0% used [0x00000000f0c80000,0x00000000f0c80000,0x00000000f1780000)
 ParOldGen       total 126464K, used 34081K [0x0000000081c00000, 0x0000000089780000, 0x00000000d5f00000)
  object space 126464K, 26% used [0x0000000081c00000,0x0000000083d48758,0x0000000089780000)
 Metaspace       used 97201K, capacity 104454K, committed 104960K, reserved 1140736K
  class space    used 11398K, capacity 12673K, committed 12800K, reserved 1048576K
Event: 28812.956 GC heap after
Heap after GC invocations=78 (full 34):
 PSYoungGen      total 451072K, used 0K [0x00000000d5f00000, 0x00000000f2280000, 0x0000000100000000)
  eden space 439808K, 0% used [0x00000000d5f00000,0x00000000d5f00000,0x00000000f0c80000)
  from space 11264K, 0% used [0x00000000f1780000,0x00000000f1780000,0x00000000f2280000)
  to   space 11264K, 0% used [0x00000000f0c80000,0x00000000f0c80000,0x00000000f1780000)
 ParOldGen       total 126464K, used 34805K [0x0000000081c00000, 0x0000000089780000, 0x00000000d5f00000)
  object space 126464K, 27% used [0x0000000081c00000,0x0000000083dfd6a0,0x0000000089780000)
 Metaspace       used 97201K, capacity 104454K, committed 104960K, reserved 1140736K
  class space    used 11398K, capacity 12673K, committed 12800K, reserved 1048576K
}

