# JRE version: Java(TM) SE Runtime Environment (8.0_211-b12) (build 1.8.0_211-b12)
# Java VM: Java HotSpot(TM) 64-Bit Server VM (25.211-b12 mixed mode windows-amd64 compressed oops)
Heap:
 PSYoungGen      total 522752K, used 10644K [0x00000000d5f00000, 0x00000000f7100000, 0x0000000100000000)
  eden space 512000K, 0% used [0x00000000d5f00000,0x00000000d5f00000,0x00000000f5300000)
  from space 10752K, 99% used [0x00000000f5300000,0x00000000f5d65358,0x00000000f5d80000)
  to   space 15360K, 0% used [0x00000000f6200000,0x00000000f6200000,0x00000000f7100000)
 ParOldGen       total 103424K, used 29956K [0x0000000081c00000, 0x0000000088100000, 0x00000000d5f00000)
  object space 103424K, 28% used [0x0000000081c00000,0x0000000083941228,0x0000000088100000)
 Metaspace       used 78600K, capacity 84188K, committed 84352K, reserved 1122304K
  class space    used 9947K, capacity 11074K, committed 11136K, reserved 1048576K
GC Heap History (10 events):
Event: 6793.215 GC heap after
Heap after GC invocations=43 (full 16):
 PSYoungGen      total 528384K, used 10445K [0x00000000d5f00000, 0x00000000f7300000, 0x0000000100000000)
  eden space 512000K, 0% used [0x00000000d5f00000,0x00000000d5f00000,0x00000000f5300000)
  from space 16384K, 63% used [0x00000000f5300000,0x00000000f5d337c8,0x00000000f6300000)
  to   space 16384K, 0% used [0x00000000f6300000,0x00000000f6300000,0x00000000f7300000)
 ParOldGen       total 103424K, used 30151K [0x0000000081c00000, 0x0000000088100000, 0x00000000d5f00000)
  object space 103424K, 29% used [0x0000000081c00000,0x0000000083971de0,0x0000000088100000)
 Metaspace       used 75769K, capacity 81088K, committed 81408K, reserved 1120256K
  class space    used 9742K, capacity 10668K, committed 10752K, reserved 1048576K
}
Event: 6793.215 GC heap before
{Heap before GC invocations=44 (full 17):
 PSYoungGen      total 528384K, used 10445K [0x00000000d5f00000, 0x00000000f7300000, 0x0000000100000000)
  eden space 512000K, 0% used [0x00000000d5f00000,0x00000000d5f00000,0x00000000f5300000)
  from space 16384K, 63% used [0x00000000f5300000,0x00000000f5d337c8,0x00000000f6300000)
  to   space 16384K, 0% used [0x00000000f6300000,0x00000000f6300000,0x00000000f7300000)
 ParOldGen       total 103424K, used 30151K [0x0000000081c00000, 0x0000000088100000, 0x00000000d5f00000)
  object space 103424K, 29% used [0x0000000081c00000,0x0000000083971de0,0x0000000088100000)
 Metaspace       used 75769K, capacity 81088K, committed 81408K, reserved 1120256K
  class space    used 9742K, capacity 10668K, committed 10752K, reserved 1048576K
Event: 6793.370 GC heap after
Heap after GC invocations=44 (full 17):
 PSYoungGen      total 528384K, used 0K [0x00000000d5f00000, 0x00000000f7300000, 0x0000000100000000)
  eden space 512000K, 0% used [0x00000000d5f00000,0x00000000d5f00000,0x00000000f5300000)
  from space 16384K, 0% used [0x00000000f5300000,0x00000000f5300000,0x00000000f6300000)
  to   space 16384K, 0% used [0x00000000f6300000,0x00000000f6300000,0x00000000f7300000)
 ParOldGen       total 103424K, used 30666K [0x0000000081c00000, 0x0000000088100000, 0x00000000d5f00000)
  object space 103424K, 29% used [0x0000000081c00000,0x00000000839f2ab8,0x0000000088100000)
 Metaspace       used 75766K, capacity 81082K, committed 81408K, reserved 1120256K
  class space    used 9741K, capacity 10666K, committed 10752K, reserved 1048576K
}
Event: 6803.151 GC heap before
{Heap before GC invocations=45 (full 17):
 PSYoungGen      total 528384K, used 326084K [0x00000000d5f00000, 0x00000000f7300000, 0x0000000100000000)
  eden space 512000K, 63% used [0x00000000d5f00000,0x00000000e9d711a8,0x00000000f5300000)
  from space 16384K, 0% used [0x00000000f5300000,0x00000000f5300000,0x00000000f6300000)
  to   space 16384K, 0% used [0x00000000f6300000,0x00000000f6300000,0x00000000f7300000)
 ParOldGen       total 103424K, used 30666K [0x0000000081c00000, 0x0000000088100000, 0x00000000d5f00000)
  object space 103424K, 29% used [0x0000000081c00000,0x00000000839f2ab8,0x0000000088100000)
 Metaspace       used 77154K, capacity 82748K, committed 82816K, reserved 1122304K
  class space    used 9848K, capacity 10854K, committed 10880K, reserved 1048576K
Event: 6803.182 GC heap after
Heap after GC invocations=45 (full 17):
 PSYoungGen      total 527360K, used 9189K [0x00000000d5f00000, 0x00000000f7200000, 0x0000000100000000)
  eden space 512000K, 0% used [0x00000000d5f00000,0x00000000d5f00000,0x00000000f5300000)
  from space 15360K, 59% used [0x00000000f6300000,0x00000000f6bf94c0,0x00000000f7200000)
  to   space 15872K, 0% used [0x00000000f5300000,0x00000000f5300000,0x00000000f6280000)
 ParOldGen       total 103424K, used 30674K [0x0000000081c00000, 0x0000000088100000, 0x00000000d5f00000)
  object space 103424K, 29% used [0x0000000081c00000,0x00000000839f4ab8,0x0000000088100000)
 Metaspace       used 77154K, capacity 82748K, committed 82816K, reserved 1122304K
  class space    used 9848K, capacity 10854K, committed 10880K, reserved 1048576K
}
Event: 6803.182 GC heap before
{Heap before GC invocations=46 (full 18):
 PSYoungGen      total 527360K, used 9189K [0x00000000d5f00000, 0x00000000f7200000, 0x0000000100000000)
  eden space 512000K, 0% used [0x00000000d5f00000,0x00000000d5f00000,0x00000000f5300000)
  from space 15360K, 59% used [0x00000000f6300000,0x00000000f6bf94c0,0x00000000f7200000)
  to   space 15872K, 0% used [0x00000000f5300000,0x00000000f5300000,0x00000000f6280000)
 ParOldGen       total 103424K, used 30674K [0x0000000081c00000, 0x0000000088100000, 0x00000000d5f00000)
  object space 103424K, 29% used [0x0000000081c00000,0x00000000839f4ab8,0x0000000088100000)
 Metaspace       used 77154K, capacity 82748K, committed 82816K, reserved 1122304K
  class space    used 9848K, capacity 10854K, committed 10880K, reserved 1048576K
Event: 6803.348 GC heap after
Heap after GC invocations=46 (full 18):
 PSYoungGen      total 527360K, used 0K [0x00000000d5f00000, 0x00000000f7200000, 0x0000000100000000)
  eden space 512000K, 0% used [0x00000000d5f00000,0x00000000d5f00000,0x00000000f5300000)
  from space 15360K, 0% used [0x00000000f6300000,0x00000000f6300000,0x00000000f7200000)
  to   space 15872K, 0% used [0x00000000f5300000,0x00000000f5300000,0x00000000f6280000)
 ParOldGen       total 103424K, used 29948K [0x0000000081c00000, 0x0000000088100000, 0x00000000d5f00000)
  object space 103424K, 28% used [0x0000000081c00000,0x000000008393f228,0x0000000088100000)
 Metaspace       used 77152K, capacity 82742K, committed 82816K, reserved 1122304K
  class space    used 9848K, capacity 10852K, committed 10880K, reserved 1048576K
}
Event: 7261.825 GC heap before
{Heap before GC invocations=47 (full 18):
 PSYoungGen      total 527360K, used 385490K [0x00000000d5f00000, 0x00000000f7200000, 0x0000000100000000)
  eden space 512000K, 75% used [0x00000000d5f00000,0x00000000ed774858,0x00000000f5300000)
  from space 15360K, 0% used [0x00000000f6300000,0x00000000f6300000,0x00000000f7200000)
  to   space 15872K, 0% used [0x00000000f5300000,0x00000000f5300000,0x00000000f6280000)
 ParOldGen       total 103424K, used 29948K [0x0000000081c00000, 0x0000000088100000, 0x00000000d5f00000)
  object space 103424K, 28% used [0x0000000081c00000,0x000000008393f228,0x0000000088100000)
 Metaspace       used 78600K, capacity 84188K, committed 84352K, reserved 1122304K
  class space    used 9947K, capacity 11074K, committed 11136K, reserved 1048576K
Event: 7261.886 GC heap after
Heap after GC invocations=47 (full 18):
 PSYoungGen      total 522752K, used 10644K [0x00000000d5f00000, 0x00000000f7100000, 0x0000000100000000)
  eden space 512000K, 0% used [0x00000000d5f00000,0x00000000d5f00000,0x00000000f5300000)
  from space 10752K, 99% used [0x00000000f5300000,0x00000000f5d65358,0x00000000f5d80000)
  to   space 15360K, 0% used [0x00000000f6200000,0x00000000f6200000,0x00000000f7100000)
 ParOldGen       total 103424K, used 29956K [0x0000000081c00000, 0x0000000088100000, 0x00000000d5f00000)
  object space 103424K, 28% used [0x0000000081c00000,0x0000000083941228,0x0000000088100000)
 Metaspace       used 78600K, capacity 84188K, committed 84352K, reserved 1122304K
  class space    used 9947K, capacity 11074K, committed 11136K, reserved 1048576K
}
Event: 7261.886 GC heap before
{Heap before GC invocations=48 (full 19):
 PSYoungGen      total 522752K, used 10644K [0x00000000d5f00000, 0x00000000f7100000, 0x0000000100000000)
  eden space 512000K, 0% used [0x00000000d5f00000,0x00000000d5f00000,0x00000000f5300000)
  from space 10752K, 99% used [0x00000000f5300000,0x00000000f5d65358,0x00000000f5d80000)
  to   space 15360K, 0% used [0x00000000f6200000,0x00000000f6200000,0x00000000f7100000)
 ParOldGen       total 103424K, used 29956K [0x0000000081c00000, 0x0000000088100000, 0x00000000d5f00000)
  object space 103424K, 28% used [0x0000000081c00000,0x0000000083941228,0x0000000088100000)
 Metaspace       used 78600K, capacity 84188K, committed 84352K, reserved 1122304K
  class space    used 9947K, capacity 11074K, committed 11136K, reserved 1048576K

