# JRE version: Java(TM) SE Runtime Environment (8.0_211-b12) (build 1.8.0_211-b12)
# Java VM: Java HotSpot(TM) 64-Bit Server VM (25.211-b12 mixed mode windows-amd64 compressed oops)
Heap:
 PSYoungGen      total 396800K, used 9009K [0x00000000d5f00000, 0x00000000ef280000, 0x0000000100000000)
  eden space 387584K, 0% used [0x00000000d5f00000,0x00000000d5f00000,0x00000000ed980000)
  from space 9216K, 97% used [0x00000000ed980000,0x00000000ee24c5d0,0x00000000ee280000)
  to   space 12800K, 0% used [0x00000000ee600000,0x00000000ee600000,0x00000000ef280000)
 ParOldGen       total 126464K, used 32925K [0x0000000081c00000, 0x0000000089780000, 0x00000000d5f00000)
  object space 126464K, 26% used [0x0000000081c00000,0x0000000083c274c0,0x0000000089780000)
 Metaspace       used 86082K, capacity 92526K, committed 92800K, reserved 1130496K
  class space    used 10457K, capacity 11549K, committed 11648K, reserved 1048576K
GC Heap History (10 events):
Event: 4546.679 GC heap after
Heap after GC invocations=51 (full 20):
 PSYoungGen      total 396800K, used 8997K [0x00000000d5f00000, 0x00000000ef380000, 0x0000000100000000)
  eden space 387584K, 0% used [0x00000000d5f00000,0x00000000d5f00000,0x00000000ed980000)
  from space 9216K, 97% used [0x00000000ed980000,0x00000000ee2497f0,0x00000000ee280000)
  to   space 13312K, 0% used [0x00000000ee680000,0x00000000ee680000,0x00000000ef380000)
 ParOldGen       total 126464K, used 33583K [0x0000000081c00000, 0x0000000089780000, 0x00000000d5f00000)
  object space 126464K, 26% used [0x0000000081c00000,0x0000000083ccbfa8,0x0000000089780000)
 Metaspace       used 83662K, capacity 89884K, committed 89984K, reserved 1128448K
  class space    used 10309K, capacity 11370K, committed 11392K, reserved 1048576K
}
Event: 4546.679 GC heap before
{Heap before GC invocations=52 (full 21):
 PSYoungGen      total 396800K, used 8997K [0x00000000d5f00000, 0x00000000ef380000, 0x0000000100000000)
  eden space 387584K, 0% used [0x00000000d5f00000,0x00000000d5f00000,0x00000000ed980000)
  from space 9216K, 97% used [0x00000000ed980000,0x00000000ee2497f0,0x00000000ee280000)
  to   space 13312K, 0% used [0x00000000ee680000,0x00000000ee680000,0x00000000ef380000)
 ParOldGen       total 126464K, used 33583K [0x0000000081c00000, 0x0000000089780000, 0x00000000d5f00000)
  object space 126464K, 26% used [0x0000000081c00000,0x0000000083ccbfa8,0x0000000089780000)
 Metaspace       used 83662K, capacity 89884K, committed 89984K, reserved 1128448K
  class space    used 10309K, capacity 11370K, committed 11392K, reserved 1048576K
Event: 4546.832 GC heap after
Heap after GC invocations=52 (full 21):
 PSYoungGen      total 396800K, used 0K [0x00000000d5f00000, 0x00000000ef380000, 0x0000000100000000)
  eden space 387584K, 0% used [0x00000000d5f00000,0x00000000d5f00000,0x00000000ed980000)
  from space 9216K, 0% used [0x00000000ed980000,0x00000000ed980000,0x00000000ee280000)
  to   space 13312K, 0% used [0x00000000ee680000,0x00000000ee680000,0x00000000ef380000)
 ParOldGen       total 126464K, used 32674K [0x0000000081c00000, 0x0000000089780000, 0x00000000d5f00000)
  object space 126464K, 25% used [0x0000000081c00000,0x0000000083be8b20,0x0000000089780000)
 Metaspace       used 83660K, capacity 89878K, committed 89984K, reserved 1128448K
  class space    used 10309K, capacity 11368K, committed 11392K, reserved 1048576K
}
Event: 4639.402 GC heap before
{Heap before GC invocations=53 (full 21):
 PSYoungGen      total 396800K, used 325074K [0x00000000d5f00000, 0x00000000ef380000, 0x0000000100000000)
  eden space 387584K, 83% used [0x00000000d5f00000,0x00000000e9c748b0,0x00000000ed980000)
  from space 9216K, 0% used [0x00000000ed980000,0x00000000ed980000,0x00000000ee280000)
  to   space 13312K, 0% used [0x00000000ee680000,0x00000000ee680000,0x00000000ef380000)
 ParOldGen       total 126464K, used 32674K [0x0000000081c00000, 0x0000000089780000, 0x00000000d5f00000)
  object space 126464K, 25% used [0x0000000081c00000,0x0000000083be8b20,0x0000000089780000)
 Metaspace       used 84608K, capacity 90872K, committed 91136K, reserved 1128448K
  class space    used 10380K, capacity 11444K, committed 11520K, reserved 1048576K
Event: 4639.410 GC heap after
Heap after GC invocations=53 (full 21):
 PSYoungGen      total 400896K, used 9032K [0x00000000d5f00000, 0x00000000ef380000, 0x0000000100000000)
  eden space 387584K, 0% used [0x00000000d5f00000,0x00000000d5f00000,0x00000000ed980000)
  from space 13312K, 67% used [0x00000000ee680000,0x00000000eef520f0,0x00000000ef380000)
  to   space 13312K, 0% used [0x00000000ed980000,0x00000000ed980000,0x00000000ee680000)
 ParOldGen       total 126464K, used 32682K [0x0000000081c00000, 0x0000000089780000, 0x00000000d5f00000)
  object space 126464K, 25% used [0x0000000081c00000,0x0000000083beab20,0x0000000089780000)
 Metaspace       used 84608K, capacity 90872K, committed 91136K, reserved 1128448K
  class space    used 10380K, capacity 11444K, committed 11520K, reserved 1048576K
}
Event: 4639.410 GC heap before
{Heap before GC invocations=54 (full 22):
 PSYoungGen      total 400896K, used 9032K [0x00000000d5f00000, 0x00000000ef380000, 0x0000000100000000)
  eden space 387584K, 0% used [0x00000000d5f00000,0x00000000d5f00000,0x00000000ed980000)
  from space 13312K, 67% used [0x00000000ee680000,0x00000000eef520f0,0x00000000ef380000)
  to   space 13312K, 0% used [0x00000000ed980000,0x00000000ed980000,0x00000000ee680000)
 ParOldGen       total 126464K, used 32682K [0x0000000081c00000, 0x0000000089780000, 0x00000000d5f00000)
  object space 126464K, 25% used [0x0000000081c00000,0x0000000083beab20,0x0000000089780000)
 Metaspace       used 84608K, capacity 90872K, committed 91136K, reserved 1128448K
  class space    used 10380K, capacity 11444K, committed 11520K, reserved 1048576K
Event: 4639.540 GC heap after
Heap after GC invocations=54 (full 22):
 PSYoungGen      total 400896K, used 0K [0x00000000d5f00000, 0x00000000ef380000, 0x0000000100000000)
  eden space 387584K, 0% used [0x00000000d5f00000,0x00000000d5f00000,0x00000000ed980000)
  from space 13312K, 0% used [0x00000000ee680000,0x00000000ee680000,0x00000000ef380000)
  to   space 13312K, 0% used [0x00000000ed980000,0x00000000ed980000,0x00000000ee680000)
 ParOldGen       total 126464K, used 32917K [0x0000000081c00000, 0x0000000089780000, 0x00000000d5f00000)
  object space 126464K, 26% used [0x0000000081c00000,0x0000000083c254c0,0x0000000089780000)
 Metaspace       used 84601K, capacity 90860K, committed 91136K, reserved 1128448K
  class space    used 10379K, capacity 11441K, committed 11520K, reserved 1048576K
}
Event: 4683.708 GC heap before
{Heap before GC invocations=55 (full 22):
 PSYoungGen      total 400896K, used 326368K [0x00000000d5f00000, 0x00000000ef380000, 0x0000000100000000)
  eden space 387584K, 84% used [0x00000000d5f00000,0x00000000e9db8210,0x00000000ed980000)
  from space 13312K, 0% used [0x00000000ee680000,0x00000000ee680000,0x00000000ef380000)
  to   space 13312K, 0% used [0x00000000ed980000,0x00000000ed980000,0x00000000ee680000)
 ParOldGen       total 126464K, used 32917K [0x0000000081c00000, 0x0000000089780000, 0x00000000d5f00000)
  object space 126464K, 26% used [0x0000000081c00000,0x0000000083c254c0,0x0000000089780000)
 Metaspace       used 86082K, capacity 92526K, committed 92800K, reserved 1130496K
  class space    used 10457K, capacity 11549K, committed 11648K, reserved 1048576K
Event: 4683.716 GC heap after
Heap after GC invocations=55 (full 22):
 PSYoungGen      total 396800K, used 9009K [0x00000000d5f00000, 0x00000000ef280000, 0x0000000100000000)
  eden space 387584K, 0% used [0x00000000d5f00000,0x00000000d5f00000,0x00000000ed980000)
  from space 9216K, 97% used [0x00000000ed980000,0x00000000ee24c5d0,0x00000000ee280000)
  to   space 12800K, 0% used [0x00000000ee600000,0x00000000ee600000,0x00000000ef280000)
 ParOldGen       total 126464K, used 32925K [0x0000000081c00000, 0x0000000089780000, 0x00000000d5f00000)
  object space 126464K, 26% used [0x0000000081c00000,0x0000000083c274c0,0x0000000089780000)
 Metaspace       used 86082K, capacity 92526K, committed 92800K, reserved 1130496K
  class space    used 10457K, capacity 11549K, committed 11648K, reserved 1048576K
}
Event: 4683.716 GC heap before
{Heap before GC invocations=56 (full 23):
 PSYoungGen      total 396800K, used 9009K [0x00000000d5f00000, 0x00000000ef280000, 0x0000000100000000)
  eden space 387584K, 0% used [0x00000000d5f00000,0x00000000d5f00000,0x00000000ed980000)
  from space 9216K, 97% used [0x00000000ed980000,0x00000000ee24c5d0,0x00000000ee280000)
  to   space 12800K, 0% used [0x00000000ee600000,0x00000000ee600000,0x00000000ef280000)
 ParOldGen       total 126464K, used 32925K [0x0000000081c00000, 0x0000000089780000, 0x00000000d5f00000)
  object space 126464K, 26% used [0x0000000081c00000,0x0000000083c274c0,0x0000000089780000)
 Metaspace       used 86082K, capacity 92526K, committed 92800K, reserved 1130496K
  class space    used 10457K, capacity 11549K, committed 11648K, reserved 1048576K

